00.18; START
00.05; loaded dependencies
00.00; LOADING DATA 2...
00.47; getting data...
00.43; retrieving data list...
00.00; Fetching JH data...
00.56; JH data retrieved.
00.10; using cache to get OWID dataset
00.71; ...retrieved.
00.00; mutating...
00.02; summarising...
00.07; getting jh_long and dxc...
00.34; retrieving country mapping...
00.01; ...retrieved.
00.32; merging manual corrections...
00.09; calculating active cases...
01.28; got daily data, getting full data...
00.00; got data.
00.20; got life expectancy
00.23; loading country codes...
00.15; loading arrivals...
00.51; filtering arrivals
01.05; processing
00.35; getting slopes
01.08; ...finished.
00.20; loaded dependencies
00.22; Startin main dashboard creation...
05.06; running get_intervention_risk
00.01; running sim_world_with_covid_data_statusquo....
00.00; loaded dependencies
00.00; LOADING DATA 2...
00.00; getting data...
00.00; retrieving data list...
00.00; ...retrieved.
00.00; mutating...
00.06; summarising...
00.18; getting jh_long and dxc...
00.31; retrieving country mapping...
00.06; ...retrieved.
00.54; merging manual corrections...
00.09; calculating active cases...
01.05; got daily data, getting full data...
00.00; got data.
00.14; got life expectancy
00.19; loading country codes...
00.05; loading arrivals...
00.53; filtering arrivals
00.95; processing
00.23; getting slopes
01.00; ...finished.
00.18; returning sim_world_with_covid_data_statusquo
00.21; loaded dependencies
00.57; loaded dependencies
00.25; loaded dependencies
00.24; loaded dependencies
00.51; returning get_intervention_risk
00.18; preparing areaPlot data...
00.41; generating areaPlot...
02.66; preparing cumulative risk plot data...
