00.12; START
00.03; loaded dependencies
00.00; LOADING DATA 2...
00.25; getting data...
00.07; retrieving data list...
00.00; Fetching JH data...
00.46; JH data retrieved.
00.04; using cache to get OWID dataset
00.45; ...retrieved.
00.00; mutating...
00.02; summarising...
00.04; getting jh_long and dxc...
00.71; retrieving country mapping...
00.01; ...retrieved.
00.14; merging manual corrections...
00.09; calculating active cases...
00.65; got daily data, getting full data...
00.00; got data.
00.04; got life expectancy
00.15; loading country codes...
00.06; loading arrivals...
00.29; filtering arrivals
00.76; processing
00.10; getting slopes
00.57; ...finished.
00.06; loaded dependencies
00.17; Startin main dashboard creation...
03.54; running get_intervention_risk
00.00; running sim_world_with_covid_data_statusquo....
00.00; loaded dependencies
00.00; LOADING DATA 2...
00.00; getting data...
00.00; retrieving data list...
00.00; ...retrieved.
00.00; mutating...
00.01; summarising...
00.04; getting jh_long and dxc...
00.27; retrieving country mapping...
00.01; ...retrieved.
00.14; merging manual corrections...
00.08; calculating active cases...
00.88; got daily data, getting full data...
00.00; got data.
00.14; got life expectancy
00.14; loading country codes...
00.02; loading arrivals...
00.39; filtering arrivals
01.16; processing
00.56; getting slopes
00.87; ...finished.
00.15; returning sim_world_with_covid_data_statusquo
00.12; loaded dependencies
00.53; loaded dependencies
00.11; loaded dependencies
00.13; loaded dependencies
00.18; returning get_intervention_risk
00.13; preparing areaPlot data...
00.26; generating areaPlot...
01.21; preparing cumulative risk plot data...
