00.17; START
00.08; loaded dependencies
00.00; LOADING DATA 2...
00.36; getting data...
00.05; retrieving data list...
00.00; Fetching JH data...
01.19; JH data retrieved.
01.59; getting OWID from github
04.44; ...retrieved.
00.00; mutating...
00.04; summarising...
00.05; getting jh_long and dxc...
00.21; retrieving country mapping...
00.01; ...retrieved.
00.16; merging manual corrections...
00.14; calculating active cases...
00.78; got daily data, getting full data...
00.00; got data.
00.08; got life expectancy
00.24; loading country codes...
00.04; loading arrivals...
00.29; filtering arrivals
00.52; processing
00.26; getting slopes
00.50; ...finished.
00.07; loaded dependencies
00.14; Startin main dashboard creation...
03.80; running get_intervention_risk
00.01; running sim_world_with_covid_data_statusquo....
00.00; loaded dependencies
00.00; LOADING DATA 2...
00.00; getting data...
00.00; retrieving data list...
00.00; ...retrieved.
00.00; mutating...
00.01; summarising...
00.11; getting jh_long and dxc...
00.25; retrieving country mapping...
00.01; ...retrieved.
00.13; merging manual corrections...
00.43; calculating active cases...
00.66; got daily data, getting full data...
00.00; got data.
00.08; got life expectancy
00.18; loading country codes...
00.02; loading arrivals...
00.32; filtering arrivals
00.52; processing
00.12; getting slopes
00.50; ...finished.
00.11; returning sim_world_with_covid_data_statusquo
00.10; loaded dependencies
00.13; loaded dependencies
00.11; loaded dependencies
00.09; loaded dependencies
00.15; returning get_intervention_risk
00.19; preparing areaPlot data...
00.25; generating areaPlot...
01.20; preparing cumulative risk plot data...
